2019-01-16 14:22:53.367  INFO 1688 --- [main] org.tegalkota.dalev.Application          : Starting Application on DARK-KNIGHT with PID 1688 (G:\heri\Java\1.Project\Dalev\target\classes started by Herry in G:\heri\Java\1.Project\Dalev)
2019-01-16 14:22:53.375  INFO 1688 --- [main] org.tegalkota.dalev.Application          : The following profiles are active: development
2019-01-16 14:23:01.708  INFO 1688 --- [main] o.apache.catalina.core.StandardService   : Starting service [Tomcat]
2019-01-16 14:23:01.712  INFO 1688 --- [main] org.apache.catalina.core.StandardEngine  : Starting Servlet Engine: Apache Tomcat/8.5.23
2019-01-16 14:23:01.992  INFO 1688 --- [localhost-startStop-1] o.a.c.c.C.[Tomcat].[localhost].[/]       : Initializing Spring embedded WebApplicationContext
2019-01-16 14:23:05.500  INFO 1688 --- [main] o.hibernate.jpa.internal.util.LogHelper  : HHH000204: Processing PersistenceUnitInfo [
	name: default
	...]
2019-01-16 14:23:05.668  INFO 1688 --- [main] org.hibernate.Version                    : HHH000412: Hibernate Core {5.2.12.Final}
2019-01-16 14:23:05.672  INFO 1688 --- [main] org.hibernate.cfg.Environment            : HHH000206: hibernate.properties not found
2019-01-16 14:23:05.756  INFO 1688 --- [main] o.hibernate.annotations.common.Version   : HCANN000001: Hibernate Commons Annotations {5.0.1.Final}
2019-01-16 14:23:06.322  INFO 1688 --- [main] org.hibernate.dialect.Dialect            : HHH000400: Using dialect: org.hibernate.dialect.PostgreSQLDialect
2019-01-16 14:23:07.142  INFO 1688 --- [main] o.h.e.j.e.i.LobCreatorBuilderImpl        : HHH000424: Disabling contextual LOB creation as createClob() method threw error : java.lang.reflect.InvocationTargetException
2019-01-16 14:23:07.150  INFO 1688 --- [main] org.hibernate.type.BasicTypeRegistry     : HHH000270: Type registration [java.util.UUID] overrides previous : org.hibernate.type.UUIDBinaryType@26d4b373
2019-01-16 14:23:07.826  WARN 1688 --- [main] org.hibernate.orm.deprecation            : HHH90000014: Found use of deprecated [org.hibernate.id.SequenceHiLoGenerator] sequence-based id generator; use org.hibernate.id.enhanced.SequenceStyleGenerator instead.  See Hibernate Domain Model Mapping Guide for details.
2019-01-16 14:23:07.834  WARN 1688 --- [main] org.hibernate.orm.deprecation            : HHH90000014: Found use of deprecated [org.hibernate.id.SequenceHiLoGenerator] sequence-based id generator; use org.hibernate.id.enhanced.SequenceStyleGenerator instead.  See Hibernate Domain Model Mapping Guide for details.
2019-01-16 14:23:07.838  WARN 1688 --- [main] org.hibernate.orm.deprecation            : HHH90000014: Found use of deprecated [org.hibernate.id.SequenceHiLoGenerator] sequence-based id generator; use org.hibernate.id.enhanced.SequenceStyleGenerator instead.  See Hibernate Domain Model Mapping Guide for details.
2019-01-16 14:23:07.838  WARN 1688 --- [main] org.hibernate.orm.deprecation            : HHH90000014: Found use of deprecated [org.hibernate.id.SequenceHiLoGenerator] sequence-based id generator; use org.hibernate.id.enhanced.SequenceStyleGenerator instead.  See Hibernate Domain Model Mapping Guide for details.
2019-01-16 14:23:07.842  WARN 1688 --- [main] org.hibernate.orm.deprecation            : HHH90000014: Found use of deprecated [org.hibernate.id.SequenceHiLoGenerator] sequence-based id generator; use org.hibernate.id.enhanced.SequenceStyleGenerator instead.  See Hibernate Domain Model Mapping Guide for details.
2019-01-16 14:23:07.842  WARN 1688 --- [main] org.hibernate.orm.deprecation            : HHH90000014: Found use of deprecated [org.hibernate.id.SequenceHiLoGenerator] sequence-based id generator; use org.hibernate.id.enhanced.SequenceStyleGenerator instead.  See Hibernate Domain Model Mapping Guide for details.
2019-01-16 14:23:07.842  WARN 1688 --- [main] org.hibernate.orm.deprecation            : HHH90000014: Found use of deprecated [org.hibernate.id.SequenceHiLoGenerator] sequence-based id generator; use org.hibernate.id.enhanced.SequenceStyleGenerator instead.  See Hibernate Domain Model Mapping Guide for details.
2019-01-16 14:23:07.842  WARN 1688 --- [main] org.hibernate.orm.deprecation            : HHH90000014: Found use of deprecated [org.hibernate.id.SequenceHiLoGenerator] sequence-based id generator; use org.hibernate.id.enhanced.SequenceStyleGenerator instead.  See Hibernate Domain Model Mapping Guide for details.
2019-01-16 14:23:07.846  WARN 1688 --- [main] org.hibernate.orm.deprecation            : HHH90000014: Found use of deprecated [org.hibernate.id.SequenceHiLoGenerator] sequence-based id generator; use org.hibernate.id.enhanced.SequenceStyleGenerator instead.  See Hibernate Domain Model Mapping Guide for details.
2019-01-16 14:23:07.846  WARN 1688 --- [main] org.hibernate.orm.deprecation            : HHH90000014: Found use of deprecated [org.hibernate.id.SequenceHiLoGenerator] sequence-based id generator; use org.hibernate.id.enhanced.SequenceStyleGenerator instead.  See Hibernate Domain Model Mapping Guide for details.
2019-01-16 14:23:07.850  WARN 1688 --- [main] org.hibernate.orm.deprecation            : HHH90000014: Found use of deprecated [org.hibernate.id.SequenceHiLoGenerator] sequence-based id generator; use org.hibernate.id.enhanced.SequenceStyleGenerator instead.  See Hibernate Domain Model Mapping Guide for details.
2019-01-16 14:23:07.854  WARN 1688 --- [main] org.hibernate.orm.deprecation            : HHH90000014: Found use of deprecated [org.hibernate.id.SequenceHiLoGenerator] sequence-based id generator; use org.hibernate.id.enhanced.SequenceStyleGenerator instead.  See Hibernate Domain Model Mapping Guide for details.
2019-01-16 14:23:07.858  WARN 1688 --- [main] org.hibernate.orm.deprecation            : HHH90000014: Found use of deprecated [org.hibernate.id.SequenceHiLoGenerator] sequence-based id generator; use org.hibernate.id.enhanced.SequenceStyleGenerator instead.  See Hibernate Domain Model Mapping Guide for details.
2019-01-16 14:23:07.858  WARN 1688 --- [main] org.hibernate.orm.deprecation            : HHH90000014: Found use of deprecated [org.hibernate.id.SequenceHiLoGenerator] sequence-based id generator; use org.hibernate.id.enhanced.SequenceStyleGenerator instead.  See Hibernate Domain Model Mapping Guide for details.
2019-01-16 14:23:07.862  WARN 1688 --- [main] org.hibernate.orm.deprecation            : HHH90000014: Found use of deprecated [org.hibernate.id.SequenceHiLoGenerator] sequence-based id generator; use org.hibernate.id.enhanced.SequenceStyleGenerator instead.  See Hibernate Domain Model Mapping Guide for details.
2019-01-16 14:23:07.862  WARN 1688 --- [main] org.hibernate.orm.deprecation            : HHH90000014: Found use of deprecated [org.hibernate.id.SequenceGenerator] sequence-based id generator; use org.hibernate.id.enhanced.SequenceStyleGenerator instead.  See Hibernate Domain Model Mapping Guide for details.
2019-01-16 14:23:07.862  WARN 1688 --- [main] org.hibernate.orm.deprecation            : HHH90000014: Found use of deprecated [org.hibernate.id.SequenceHiLoGenerator] sequence-based id generator; use org.hibernate.id.enhanced.SequenceStyleGenerator instead.  See Hibernate Domain Model Mapping Guide for details.
2019-01-16 14:23:07.862  WARN 1688 --- [main] org.hibernate.orm.deprecation            : HHH90000014: Found use of deprecated [org.hibernate.id.SequenceHiLoGenerator] sequence-based id generator; use org.hibernate.id.enhanced.SequenceStyleGenerator instead.  See Hibernate Domain Model Mapping Guide for details.
2019-01-16 14:23:07.866  WARN 1688 --- [main] org.hibernate.orm.deprecation            : HHH90000014: Found use of deprecated [org.hibernate.id.SequenceHiLoGenerator] sequence-based id generator; use org.hibernate.id.enhanced.SequenceStyleGenerator instead.  See Hibernate Domain Model Mapping Guide for details.
2019-01-16 14:23:07.866  WARN 1688 --- [main] org.hibernate.orm.deprecation            : HHH90000014: Found use of deprecated [org.hibernate.id.SequenceHiLoGenerator] sequence-based id generator; use org.hibernate.id.enhanced.SequenceStyleGenerator instead.  See Hibernate Domain Model Mapping Guide for details.
2019-01-16 14:23:09.630  INFO 1688 --- [main] o.h.h.i.QueryTranslatorFactoryInitiator  : HHH000397: Using ASTQueryTranslatorFactory
2019-01-16 14:23:11.154  INFO 1688 --- [main] o.apache.catalina.core.StandardService   : Stopping service [Tomcat]
2019-01-16 14:23:11.222 ERROR 1688 --- [main] o.s.boot.SpringApplication               : Application startup failed

org.springframework.beans.factory.BeanCreationException: Error creating bean with name 'BirtController': Failed to introspect bean class [org.tegalkota.dalev.birt.BirtController] for lookup method metadata: could not find class that it depends on; nested exception is java.lang.NoClassDefFoundError: org/eclipse/birt/core/exception/BirtException
	at org.springframework.beans.factory.annotation.AutowiredAnnotationBeanPostProcessor.determineCandidateConstructors(AutowiredAnnotationBeanPostProcessor.java:269) ~[spring-beans-4.3.13.RELEASE.jar:4.3.13.RELEASE]
	at org.springframework.beans.factory.support.AbstractAutowireCapableBeanFactory.determineConstructorsFromBeanPostProcessors(AbstractAutowireCapableBeanFactory.java:1118) ~[spring-beans-4.3.13.RELEASE.jar:4.3.13.RELEASE]
	at org.springframework.beans.factory.support.AbstractAutowireCapableBeanFactory.createBeanInstance(AbstractAutowireCapableBeanFactory.java:1091) ~[spring-beans-4.3.13.RELEASE.jar:4.3.13.RELEASE]
	at org.springframework.beans.factory.support.AbstractAutowireCapableBeanFactory.doCreateBean(AbstractAutowireCapableBeanFactory.java:513) ~[spring-beans-4.3.13.RELEASE.jar:4.3.13.RELEASE]
	at org.springframework.beans.factory.support.AbstractAutowireCapableBeanFactory.createBean(AbstractAutowireCapableBeanFactory.java:483) ~[spring-beans-4.3.13.RELEASE.jar:4.3.13.RELEASE]
	at org.springframework.beans.factory.support.AbstractBeanFactory$1.getObject(AbstractBeanFactory.java:306) ~[spring-beans-4.3.13.RELEASE.jar:4.3.13.RELEASE]
	at org.springframework.beans.factory.support.DefaultSingletonBeanRegistry.getSingleton(DefaultSingletonBeanRegistry.java:230) ~[spring-beans-4.3.13.RELEASE.jar:4.3.13.RELEASE]
	at org.springframework.beans.factory.support.AbstractBeanFactory.doGetBean(AbstractBeanFactory.java:302) ~[spring-beans-4.3.13.RELEASE.jar:4.3.13.RELEASE]
	at org.springframework.beans.factory.support.AbstractBeanFactory.getBean(AbstractBeanFactory.java:197) ~[spring-beans-4.3.13.RELEASE.jar:4.3.13.RELEASE]
	at org.springframework.beans.factory.support.DefaultListableBeanFactory.preInstantiateSingletons(DefaultListableBeanFactory.java:761) ~[spring-beans-4.3.13.RELEASE.jar:4.3.13.RELEASE]
	at org.springframework.context.support.AbstractApplicationContext.finishBeanFactoryInitialization(AbstractApplicationContext.java:867) ~[spring-context-4.3.13.RELEASE.jar:4.3.13.RELEASE]
	at org.springframework.context.support.AbstractApplicationContext.refresh(AbstractApplicationContext.java:543) ~[spring-context-4.3.13.RELEASE.jar:4.3.13.RELEASE]
	at org.springframework.boot.context.embedded.EmbeddedWebApplicationContext.refresh(EmbeddedWebApplicationContext.java:122) ~[spring-boot-1.5.9.RELEASE.jar:1.5.9.RELEASE]
	at org.springframework.boot.SpringApplication.refresh(SpringApplication.java:693) [spring-boot-1.5.9.RELEASE.jar:1.5.9.RELEASE]
	at org.springframework.boot.SpringApplication.refreshContext(SpringApplication.java:360) [spring-boot-1.5.9.RELEASE.jar:1.5.9.RELEASE]
	at org.springframework.boot.SpringApplication.run(SpringApplication.java:303) [spring-boot-1.5.9.RELEASE.jar:1.5.9.RELEASE]
	at org.springframework.boot.SpringApplication.run(SpringApplication.java:1118) [spring-boot-1.5.9.RELEASE.jar:1.5.9.RELEASE]
	at org.springframework.boot.SpringApplication.run(SpringApplication.java:1107) [spring-boot-1.5.9.RELEASE.jar:1.5.9.RELEASE]
	at org.tegalkota.dalev.Application.main(Application.java:39) [classes/:na]
	at sun.reflect.NativeMethodAccessorImpl.invoke0(Native Method) ~[na:1.8.0_152]
	at sun.reflect.NativeMethodAccessorImpl.invoke(NativeMethodAccessorImpl.java:62) ~[na:1.8.0_152]
	at sun.reflect.DelegatingMethodAccessorImpl.invoke(DelegatingMethodAccessorImpl.java:43) ~[na:1.8.0_152]
	at java.lang.reflect.Method.invoke(Method.java:498) ~[na:1.8.0_152]
	at org.springframework.boot.maven.AbstractRunMojo$LaunchRunner.run(AbstractRunMojo.java:527) [spring-boot-maven-plugin-1.5.9.RELEASE.jar:1.5.9.RELEASE]
	at java.lang.Thread.run(Thread.java:748) [na:1.8.0_152]
Caused by: java.lang.NoClassDefFoundError: org/eclipse/birt/core/exception/BirtException
	at java.lang.Class.getDeclaredMethods0(Native Method) ~[na:1.8.0_152]
	at java.lang.Class.privateGetDeclaredMethods(Class.java:2701) ~[na:1.8.0_152]
	at java.lang.Class.getDeclaredMethods(Class.java:1975) ~[na:1.8.0_152]
	at org.springframework.util.ReflectionUtils.getDeclaredMethods(ReflectionUtils.java:613) ~[spring-core-4.3.13.RELEASE.jar:4.3.13.RELEASE]
	at org.springframework.util.ReflectionUtils.doWithMethods(ReflectionUtils.java:524) ~[spring-core-4.3.13.RELEASE.jar:4.3.13.RELEASE]
	at org.springframework.util.ReflectionUtils.doWithMethods(ReflectionUtils.java:510) ~[spring-core-4.3.13.RELEASE.jar:4.3.13.RELEASE]
	at org.springframework.beans.factory.annotation.AutowiredAnnotationBeanPostProcessor.determineCandidateConstructors(AutowiredAnnotationBeanPostProcessor.java:247) ~[spring-beans-4.3.13.RELEASE.jar:4.3.13.RELEASE]
	... 24 common frames omitted
Caused by: java.lang.ClassNotFoundException: org.eclipse.birt.core.exception.BirtException
	at java.net.URLClassLoader.findClass(URLClassLoader.java:381) ~[na:1.8.0_152]
	at java.lang.ClassLoader.loadClass(ClassLoader.java:424) ~[na:1.8.0_152]
	at java.lang.ClassLoader.loadClass(ClassLoader.java:357) ~[na:1.8.0_152]
	... 31 common frames omitted

2019-01-16 14:24:31.435  INFO 8736 --- [main] org.tegalkota.dalev.Application          : Starting Application on DARK-KNIGHT with PID 8736 (G:\heri\Java\1.Project\Dalev\target\classes started by Herry in G:\heri\Java\1.Project\Dalev)
2019-01-16 14:24:31.439  INFO 8736 --- [main] org.tegalkota.dalev.Application          : The following profiles are active: development
2019-01-16 14:24:36.523  INFO 8736 --- [main] o.apache.catalina.core.StandardService   : Starting service [Tomcat]
2019-01-16 14:24:36.527  INFO 8736 --- [main] org.apache.catalina.core.StandardEngine  : Starting Servlet Engine: Apache Tomcat/8.5.23
2019-01-16 14:24:36.675  INFO 8736 --- [localhost-startStop-1] o.a.c.c.C.[Tomcat].[localhost].[/]       : Initializing Spring embedded WebApplicationContext
2019-01-16 14:24:37.999  INFO 8736 --- [main] o.hibernate.jpa.internal.util.LogHelper  : HHH000204: Processing PersistenceUnitInfo [
	name: default
	...]
2019-01-16 14:24:38.151  INFO 8736 --- [main] org.hibernate.Version                    : HHH000412: Hibernate Core {5.2.12.Final}
2019-01-16 14:24:38.155  INFO 8736 --- [main] org.hibernate.cfg.Environment            : HHH000206: hibernate.properties not found
2019-01-16 14:24:38.243  INFO 8736 --- [main] o.hibernate.annotations.common.Version   : HCANN000001: Hibernate Commons Annotations {5.0.1.Final}
2019-01-16 14:24:38.579  INFO 8736 --- [main] org.hibernate.dialect.Dialect            : HHH000400: Using dialect: org.hibernate.dialect.PostgreSQLDialect
2019-01-16 14:24:39.183  INFO 8736 --- [main] o.h.e.j.e.i.LobCreatorBuilderImpl        : HHH000424: Disabling contextual LOB creation as createClob() method threw error : java.lang.reflect.InvocationTargetException
2019-01-16 14:24:39.191  INFO 8736 --- [main] org.hibernate.type.BasicTypeRegistry     : HHH000270: Type registration [java.util.UUID] overrides previous : org.hibernate.type.UUIDBinaryType@7e2d9f36
2019-01-16 14:24:39.755  WARN 8736 --- [main] org.hibernate.orm.deprecation            : HHH90000014: Found use of deprecated [org.hibernate.id.SequenceHiLoGenerator] sequence-based id generator; use org.hibernate.id.enhanced.SequenceStyleGenerator instead.  See Hibernate Domain Model Mapping Guide for details.
2019-01-16 14:24:39.763  WARN 8736 --- [main] org.hibernate.orm.deprecation            : HHH90000014: Found use of deprecated [org.hibernate.id.SequenceHiLoGenerator] sequence-based id generator; use org.hibernate.id.enhanced.SequenceStyleGenerator instead.  See Hibernate Domain Model Mapping Guide for details.
2019-01-16 14:24:39.763  WARN 8736 --- [main] org.hibernate.orm.deprecation            : HHH90000014: Found use of deprecated [org.hibernate.id.SequenceHiLoGenerator] sequence-based id generator; use org.hibernate.id.enhanced.SequenceStyleGenerator instead.  See Hibernate Domain Model Mapping Guide for details.
2019-01-16 14:24:39.763  WARN 8736 --- [main] org.hibernate.orm.deprecation            : HHH90000014: Found use of deprecated [org.hibernate.id.SequenceHiLoGenerator] sequence-based id generator; use org.hibernate.id.enhanced.SequenceStyleGenerator instead.  See Hibernate Domain Model Mapping Guide for details.
2019-01-16 14:24:39.767  WARN 8736 --- [main] org.hibernate.orm.deprecation            : HHH90000014: Found use of deprecated [org.hibernate.id.SequenceHiLoGenerator] sequence-based id generator; use org.hibernate.id.enhanced.SequenceStyleGenerator instead.  See Hibernate Domain Model Mapping Guide for details.
2019-01-16 14:24:39.771  WARN 8736 --- [main] org.hibernate.orm.deprecation            : HHH90000014: Found use of deprecated [org.hibernate.id.SequenceHiLoGenerator] sequence-based id generator; use org.hibernate.id.enhanced.SequenceStyleGenerator instead.  See Hibernate Domain Model Mapping Guide for details.
2019-01-16 14:24:39.771  WARN 8736 --- [main] org.hibernate.orm.deprecation            : HHH90000014: Found use of deprecated [org.hibernate.id.SequenceHiLoGenerator] sequence-based id generator; use org.hibernate.id.enhanced.SequenceStyleGenerator instead.  See Hibernate Domain Model Mapping Guide for details.
2019-01-16 14:24:39.771  WARN 8736 --- [main] org.hibernate.orm.deprecation            : HHH90000014: Found use of deprecated [org.hibernate.id.SequenceHiLoGenerator] sequence-based id generator; use org.hibernate.id.enhanced.SequenceStyleGenerator instead.  See Hibernate Domain Model Mapping Guide for details.
2019-01-16 14:24:39.775  WARN 8736 --- [main] org.hibernate.orm.deprecation            : HHH90000014: Found use of deprecated [org.hibernate.id.SequenceHiLoGenerator] sequence-based id generator; use org.hibernate.id.enhanced.SequenceStyleGenerator instead.  See Hibernate Domain Model Mapping Guide for details.
2019-01-16 14:24:39.775  WARN 8736 --- [main] org.hibernate.orm.deprecation            : HHH90000014: Found use of deprecated [org.hibernate.id.SequenceHiLoGenerator] sequence-based id generator; use org.hibernate.id.enhanced.SequenceStyleGenerator instead.  See Hibernate Domain Model Mapping Guide for details.
2019-01-16 14:24:39.783  WARN 8736 --- [main] org.hibernate.orm.deprecation            : HHH90000014: Found use of deprecated [org.hibernate.id.SequenceHiLoGenerator] sequence-based id generator; use org.hibernate.id.enhanced.SequenceStyleGenerator instead.  See Hibernate Domain Model Mapping Guide for details.
2019-01-16 14:24:39.787  WARN 8736 --- [main] org.hibernate.orm.deprecation            : HHH90000014: Found use of deprecated [org.hibernate.id.SequenceHiLoGenerator] sequence-based id generator; use org.hibernate.id.enhanced.SequenceStyleGenerator instead.  See Hibernate Domain Model Mapping Guide for details.
2019-01-16 14:24:39.791  WARN 8736 --- [main] org.hibernate.orm.deprecation            : HHH90000014: Found use of deprecated [org.hibernate.id.SequenceHiLoGenerator] sequence-based id generator; use org.hibernate.id.enhanced.SequenceStyleGenerator instead.  See Hibernate Domain Model Mapping Guide for details.
2019-01-16 14:24:39.795  WARN 8736 --- [main] org.hibernate.orm.deprecation            : HHH90000014: Found use of deprecated [org.hibernate.id.SequenceHiLoGenerator] sequence-based id generator; use org.hibernate.id.enhanced.SequenceStyleGenerator instead.  See Hibernate Domain Model Mapping Guide for details.
2019-01-16 14:24:39.795  WARN 8736 --- [main] org.hibernate.orm.deprecation            : HHH90000014: Found use of deprecated [org.hibernate.id.SequenceHiLoGenerator] sequence-based id generator; use org.hibernate.id.enhanced.SequenceStyleGenerator instead.  See Hibernate Domain Model Mapping Guide for details.
2019-01-16 14:24:39.795  WARN 8736 --- [main] org.hibernate.orm.deprecation            : HHH90000014: Found use of deprecated [org.hibernate.id.SequenceGenerator] sequence-based id generator; use org.hibernate.id.enhanced.SequenceStyleGenerator instead.  See Hibernate Domain Model Mapping Guide for details.
2019-01-16 14:24:39.799  WARN 8736 --- [main] org.hibernate.orm.deprecation            : HHH90000014: Found use of deprecated [org.hibernate.id.SequenceHiLoGenerator] sequence-based id generator; use org.hibernate.id.enhanced.SequenceStyleGenerator instead.  See Hibernate Domain Model Mapping Guide for details.
2019-01-16 14:24:39.799  WARN 8736 --- [main] org.hibernate.orm.deprecation            : HHH90000014: Found use of deprecated [org.hibernate.id.SequenceHiLoGenerator] sequence-based id generator; use org.hibernate.id.enhanced.SequenceStyleGenerator instead.  See Hibernate Domain Model Mapping Guide for details.
2019-01-16 14:24:39.799  WARN 8736 --- [main] org.hibernate.orm.deprecation            : HHH90000014: Found use of deprecated [org.hibernate.id.SequenceHiLoGenerator] sequence-based id generator; use org.hibernate.id.enhanced.SequenceStyleGenerator instead.  See Hibernate Domain Model Mapping Guide for details.
2019-01-16 14:24:39.807  WARN 8736 --- [main] org.hibernate.orm.deprecation            : HHH90000014: Found use of deprecated [org.hibernate.id.SequenceHiLoGenerator] sequence-based id generator; use org.hibernate.id.enhanced.SequenceStyleGenerator instead.  See Hibernate Domain Model Mapping Guide for details.
2019-01-16 14:24:40.895  INFO 8736 --- [main] o.h.h.i.QueryTranslatorFactoryInitiator  : HHH000397: Using ASTQueryTranslatorFactory
2019-01-16 14:24:42.667  INFO 8736 --- [main] o.apache.catalina.core.StandardService   : Stopping service [Tomcat]
2019-01-16 14:24:42.715 ERROR 8736 --- [main] o.s.boot.SpringApplication               : Application startup failed

org.springframework.beans.factory.BeanCreationException: Error creating bean with name 'BirtController': Failed to introspect bean class [org.tegalkota.dalev.birt.BirtController] for lookup method metadata: could not find class that it depends on; nested exception is java.lang.NoClassDefFoundError: org/eclipse/birt/core/exception/BirtException
	at org.springframework.beans.factory.annotation.AutowiredAnnotationBeanPostProcessor.determineCandidateConstructors(AutowiredAnnotationBeanPostProcessor.java:269) ~[spring-beans-4.3.13.RELEASE.jar:4.3.13.RELEASE]
	at org.springframework.beans.factory.support.AbstractAutowireCapableBeanFactory.determineConstructorsFromBeanPostProcessors(AbstractAutowireCapableBeanFactory.java:1118) ~[spring-beans-4.3.13.RELEASE.jar:4.3.13.RELEASE]
	at org.springframework.beans.factory.support.AbstractAutowireCapableBeanFactory.createBeanInstance(AbstractAutowireCapableBeanFactory.java:1091) ~[spring-beans-4.3.13.RELEASE.jar:4.3.13.RELEASE]
	at org.springframework.beans.factory.support.AbstractAutowireCapableBeanFactory.doCreateBean(AbstractAutowireCapableBeanFactory.java:513) ~[spring-beans-4.3.13.RELEASE.jar:4.3.13.RELEASE]
	at org.springframework.beans.factory.support.AbstractAutowireCapableBeanFactory.createBean(AbstractAutowireCapableBeanFactory.java:483) ~[spring-beans-4.3.13.RELEASE.jar:4.3.13.RELEASE]
	at org.springframework.beans.factory.support.AbstractBeanFactory$1.getObject(AbstractBeanFactory.java:306) ~[spring-beans-4.3.13.RELEASE.jar:4.3.13.RELEASE]
	at org.springframework.beans.factory.support.DefaultSingletonBeanRegistry.getSingleton(DefaultSingletonBeanRegistry.java:230) ~[spring-beans-4.3.13.RELEASE.jar:4.3.13.RELEASE]
	at org.springframework.beans.factory.support.AbstractBeanFactory.doGetBean(AbstractBeanFactory.java:302) ~[spring-beans-4.3.13.RELEASE.jar:4.3.13.RELEASE]
	at org.springframework.beans.factory.support.AbstractBeanFactory.getBean(AbstractBeanFactory.java:197) ~[spring-beans-4.3.13.RELEASE.jar:4.3.13.RELEASE]
	at org.springframework.beans.factory.support.DefaultListableBeanFactory.preInstantiateSingletons(DefaultListableBeanFactory.java:761) ~[spring-beans-4.3.13.RELEASE.jar:4.3.13.RELEASE]
	at org.springframework.context.support.AbstractApplicationContext.finishBeanFactoryInitialization(AbstractApplicationContext.java:867) ~[spring-context-4.3.13.RELEASE.jar:4.3.13.RELEASE]
	at org.springframework.context.support.AbstractApplicationContext.refresh(AbstractApplicationContext.java:543) ~[spring-context-4.3.13.RELEASE.jar:4.3.13.RELEASE]
	at org.springframework.boot.context.embedded.EmbeddedWebApplicationContext.refresh(EmbeddedWebApplicationContext.java:122) ~[spring-boot-1.5.9.RELEASE.jar:1.5.9.RELEASE]
	at org.springframework.boot.SpringApplication.refresh(SpringApplication.java:693) [spring-boot-1.5.9.RELEASE.jar:1.5.9.RELEASE]
	at org.springframework.boot.SpringApplication.refreshContext(SpringApplication.java:360) [spring-boot-1.5.9.RELEASE.jar:1.5.9.RELEASE]
	at org.springframework.boot.SpringApplication.run(SpringApplication.java:303) [spring-boot-1.5.9.RELEASE.jar:1.5.9.RELEASE]
	at org.springframework.boot.SpringApplication.run(SpringApplication.java:1118) [spring-boot-1.5.9.RELEASE.jar:1.5.9.RELEASE]
	at org.springframework.boot.SpringApplication.run(SpringApplication.java:1107) [spring-boot-1.5.9.RELEASE.jar:1.5.9.RELEASE]
	at org.tegalkota.dalev.Application.main(Application.java:39) [classes/:na]
	at sun.reflect.NativeMethodAccessorImpl.invoke0(Native Method) ~[na:1.8.0_152]
	at sun.reflect.NativeMethodAccessorImpl.invoke(NativeMethodAccessorImpl.java:62) ~[na:1.8.0_152]
	at sun.reflect.DelegatingMethodAccessorImpl.invoke(DelegatingMethodAccessorImpl.java:43) ~[na:1.8.0_152]
	at java.lang.reflect.Method.invoke(Method.java:498) ~[na:1.8.0_152]
	at org.springframework.boot.maven.AbstractRunMojo$LaunchRunner.run(AbstractRunMojo.java:527) [spring-boot-maven-plugin-1.5.9.RELEASE.jar:1.5.9.RELEASE]
	at java.lang.Thread.run(Thread.java:748) [na:1.8.0_152]
Caused by: java.lang.NoClassDefFoundError: org/eclipse/birt/core/exception/BirtException
	at java.lang.Class.getDeclaredMethods0(Native Method) ~[na:1.8.0_152]
	at java.lang.Class.privateGetDeclaredMethods(Class.java:2701) ~[na:1.8.0_152]
	at java.lang.Class.getDeclaredMethods(Class.java:1975) ~[na:1.8.0_152]
	at org.springframework.util.ReflectionUtils.getDeclaredMethods(ReflectionUtils.java:613) ~[spring-core-4.3.13.RELEASE.jar:4.3.13.RELEASE]
	at org.springframework.util.ReflectionUtils.doWithMethods(ReflectionUtils.java:524) ~[spring-core-4.3.13.RELEASE.jar:4.3.13.RELEASE]
	at org.springframework.util.ReflectionUtils.doWithMethods(ReflectionUtils.java:510) ~[spring-core-4.3.13.RELEASE.jar:4.3.13.RELEASE]
	at org.springframework.beans.factory.annotation.AutowiredAnnotationBeanPostProcessor.determineCandidateConstructors(AutowiredAnnotationBeanPostProcessor.java:247) ~[spring-beans-4.3.13.RELEASE.jar:4.3.13.RELEASE]
	... 24 common frames omitted
Caused by: java.lang.ClassNotFoundException: org.eclipse.birt.core.exception.BirtException
	at java.net.URLClassLoader.findClass(URLClassLoader.java:381) ~[na:1.8.0_152]
	at java.lang.ClassLoader.loadClass(ClassLoader.java:424) ~[na:1.8.0_152]
	at java.lang.ClassLoader.loadClass(ClassLoader.java:357) ~[na:1.8.0_152]
	... 31 common frames omitted

2019-01-16 14:30:19.931  INFO 3812 --- [main] org.tegalkota.dalev.Application          : Starting Application on DARK-KNIGHT with PID 3812 (G:\heri\Java\1.Project\Dalev\target\classes started by Herry in G:\heri\Java\1.Project\Dalev)
2019-01-16 14:30:19.935  INFO 3812 --- [main] org.tegalkota.dalev.Application          : The following profiles are active: development
2019-01-16 14:30:24.875  INFO 3812 --- [main] o.apache.catalina.core.StandardService   : Starting service [Tomcat]
2019-01-16 14:30:24.879  INFO 3812 --- [main] org.apache.catalina.core.StandardEngine  : Starting Servlet Engine: Apache Tomcat/8.5.23
2019-01-16 14:30:25.067  INFO 3812 --- [localhost-startStop-1] o.a.c.c.C.[Tomcat].[localhost].[/]       : Initializing Spring embedded WebApplicationContext
2019-01-16 14:30:26.391  INFO 3812 --- [main] o.hibernate.jpa.internal.util.LogHelper  : HHH000204: Processing PersistenceUnitInfo [
	name: default
	...]
2019-01-16 14:30:26.523  INFO 3812 --- [main] org.hibernate.Version                    : HHH000412: Hibernate Core {5.2.12.Final}
2019-01-16 14:30:26.527  INFO 3812 --- [main] org.hibernate.cfg.Environment            : HHH000206: hibernate.properties not found
2019-01-16 14:30:26.615  INFO 3812 --- [main] o.hibernate.annotations.common.Version   : HCANN000001: Hibernate Commons Annotations {5.0.1.Final}
2019-01-16 14:30:26.947  INFO 3812 --- [main] org.hibernate.dialect.Dialect            : HHH000400: Using dialect: org.hibernate.dialect.PostgreSQLDialect
2019-01-16 14:30:27.761  INFO 3812 --- [main] o.h.e.j.e.i.LobCreatorBuilderImpl        : HHH000424: Disabling contextual LOB creation as createClob() method threw error : java.lang.reflect.InvocationTargetException
2019-01-16 14:30:27.765  INFO 3812 --- [main] org.hibernate.type.BasicTypeRegistry     : HHH000270: Type registration [java.util.UUID] overrides previous : org.hibernate.type.UUIDBinaryType@22809d3e
2019-01-16 14:30:28.269  WARN 3812 --- [main] org.hibernate.orm.deprecation            : HHH90000014: Found use of deprecated [org.hibernate.id.SequenceHiLoGenerator] sequence-based id generator; use org.hibernate.id.enhanced.SequenceStyleGenerator instead.  See Hibernate Domain Model Mapping Guide for details.
2019-01-16 14:30:28.277  WARN 3812 --- [main] org.hibernate.orm.deprecation            : HHH90000014: Found use of deprecated [org.hibernate.id.SequenceHiLoGenerator] sequence-based id generator; use org.hibernate.id.enhanced.SequenceStyleGenerator instead.  See Hibernate Domain Model Mapping Guide for details.
2019-01-16 14:30:28.281  WARN 3812 --- [main] org.hibernate.orm.deprecation            : HHH90000014: Found use of deprecated [org.hibernate.id.SequenceHiLoGenerator] sequence-based id generator; use org.hibernate.id.enhanced.SequenceStyleGenerator instead.  See Hibernate Domain Model Mapping Guide for details.
2019-01-16 14:30:28.281  WARN 3812 --- [main] org.hibernate.orm.deprecation            : HHH90000014: Found use of deprecated [org.hibernate.id.SequenceHiLoGenerator] sequence-based id generator; use org.hibernate.id.enhanced.SequenceStyleGenerator instead.  See Hibernate Domain Model Mapping Guide for details.
2019-01-16 14:30:28.281  WARN 3812 --- [main] org.hibernate.orm.deprecation            : HHH90000014: Found use of deprecated [org.hibernate.id.SequenceHiLoGenerator] sequence-based id generator; use org.hibernate.id.enhanced.SequenceStyleGenerator instead.  See Hibernate Domain Model Mapping Guide for details.
2019-01-16 14:30:28.285  WARN 3812 --- [main] org.hibernate.orm.deprecation            : HHH90000014: Found use of deprecated [org.hibernate.id.SequenceHiLoGenerator] sequence-based id generator; use org.hibernate.id.enhanced.SequenceStyleGenerator instead.  See Hibernate Domain Model Mapping Guide for details.
2019-01-16 14:30:28.289  WARN 3812 --- [main] org.hibernate.orm.deprecation            : HHH90000014: Found use of deprecated [org.hibernate.id.SequenceHiLoGenerator] sequence-based id generator; use org.hibernate.id.enhanced.SequenceStyleGenerator instead.  See Hibernate Domain Model Mapping Guide for details.
2019-01-16 14:30:28.289  WARN 3812 --- [main] org.hibernate.orm.deprecation            : HHH90000014: Found use of deprecated [org.hibernate.id.SequenceHiLoGenerator] sequence-based id generator; use org.hibernate.id.enhanced.SequenceStyleGenerator instead.  See Hibernate Domain Model Mapping Guide for details.
2019-01-16 14:30:28.293  WARN 3812 --- [main] org.hibernate.orm.deprecation            : HHH90000014: Found use of deprecated [org.hibernate.id.SequenceHiLoGenerator] sequence-based id generator; use org.hibernate.id.enhanced.SequenceStyleGenerator instead.  See Hibernate Domain Model Mapping Guide for details.
2019-01-16 14:30:28.297  WARN 3812 --- [main] org.hibernate.orm.deprecation            : HHH90000014: Found use of deprecated [org.hibernate.id.SequenceHiLoGenerator] sequence-based id generator; use org.hibernate.id.enhanced.SequenceStyleGenerator instead.  See Hibernate Domain Model Mapping Guide for details.
2019-01-16 14:30:28.301  WARN 3812 --- [main] org.hibernate.orm.deprecation            : HHH90000014: Found use of deprecated [org.hibernate.id.SequenceHiLoGenerator] sequence-based id generator; use org.hibernate.id.enhanced.SequenceStyleGenerator instead.  See Hibernate Domain Model Mapping Guide for details.
2019-01-16 14:30:28.305  WARN 3812 --- [main] org.hibernate.orm.deprecation            : HHH90000014: Found use of deprecated [org.hibernate.id.SequenceHiLoGenerator] sequence-based id generator; use org.hibernate.id.enhanced.SequenceStyleGenerator instead.  See Hibernate Domain Model Mapping Guide for details.
2019-01-16 14:30:28.305  WARN 3812 --- [main] org.hibernate.orm.deprecation            : HHH90000014: Found use of deprecated [org.hibernate.id.SequenceHiLoGenerator] sequence-based id generator; use org.hibernate.id.enhanced.SequenceStyleGenerator instead.  See Hibernate Domain Model Mapping Guide for details.
2019-01-16 14:30:28.305  WARN 3812 --- [main] org.hibernate.orm.deprecation            : HHH90000014: Found use of deprecated [org.hibernate.id.SequenceHiLoGenerator] sequence-based id generator; use org.hibernate.id.enhanced.SequenceStyleGenerator instead.  See Hibernate Domain Model Mapping Guide for details.
2019-01-16 14:30:28.309  WARN 3812 --- [main] org.hibernate.orm.deprecation            : HHH90000014: Found use of deprecated [org.hibernate.id.SequenceHiLoGenerator] sequence-based id generator; use org.hibernate.id.enhanced.SequenceStyleGenerator instead.  See Hibernate Domain Model Mapping Guide for details.
2019-01-16 14:30:28.313  WARN 3812 --- [main] org.hibernate.orm.deprecation            : HHH90000014: Found use of deprecated [org.hibernate.id.SequenceGenerator] sequence-based id generator; use org.hibernate.id.enhanced.SequenceStyleGenerator instead.  See Hibernate Domain Model Mapping Guide for details.
2019-01-16 14:30:28.317  WARN 3812 --- [main] org.hibernate.orm.deprecation            : HHH90000014: Found use of deprecated [org.hibernate.id.SequenceHiLoGenerator] sequence-based id generator; use org.hibernate.id.enhanced.SequenceStyleGenerator instead.  See Hibernate Domain Model Mapping Guide for details.
2019-01-16 14:30:28.317  WARN 3812 --- [main] org.hibernate.orm.deprecation            : HHH90000014: Found use of deprecated [org.hibernate.id.SequenceHiLoGenerator] sequence-based id generator; use org.hibernate.id.enhanced.SequenceStyleGenerator instead.  See Hibernate Domain Model Mapping Guide for details.
2019-01-16 14:30:28.317  WARN 3812 --- [main] org.hibernate.orm.deprecation            : HHH90000014: Found use of deprecated [org.hibernate.id.SequenceHiLoGenerator] sequence-based id generator; use org.hibernate.id.enhanced.SequenceStyleGenerator instead.  See Hibernate Domain Model Mapping Guide for details.
2019-01-16 14:30:28.321  WARN 3812 --- [main] org.hibernate.orm.deprecation            : HHH90000014: Found use of deprecated [org.hibernate.id.SequenceHiLoGenerator] sequence-based id generator; use org.hibernate.id.enhanced.SequenceStyleGenerator instead.  See Hibernate Domain Model Mapping Guide for details.
2019-01-16 14:30:29.397  INFO 3812 --- [main] o.h.h.i.QueryTranslatorFactoryInitiator  : HHH000397: Using ASTQueryTranslatorFactory
2019-01-16 14:30:30.945  INFO 3812 --- [main] o.apache.catalina.core.StandardService   : Stopping service [Tomcat]
2019-01-16 14:30:30.985 ERROR 3812 --- [main] o.s.boot.SpringApplication               : Application startup failed

org.springframework.beans.factory.BeanCreationException: Error creating bean with name 'BirtController': Failed to introspect bean class [org.tegalkota.dalev.birt.BirtController] for lookup method metadata: could not find class that it depends on; nested exception is java.lang.NoClassDefFoundError: org/eclipse/birt/core/exception/BirtException
	at org.springframework.beans.factory.annotation.AutowiredAnnotationBeanPostProcessor.determineCandidateConstructors(AutowiredAnnotationBeanPostProcessor.java:269) ~[spring-beans-4.3.13.RELEASE.jar:4.3.13.RELEASE]
	at org.springframework.beans.factory.support.AbstractAutowireCapableBeanFactory.determineConstructorsFromBeanPostProcessors(AbstractAutowireCapableBeanFactory.java:1118) ~[spring-beans-4.3.13.RELEASE.jar:4.3.13.RELEASE]
	at org.springframework.beans.factory.support.AbstractAutowireCapableBeanFactory.createBeanInstance(AbstractAutowireCapableBeanFactory.java:1091) ~[spring-beans-4.3.13.RELEASE.jar:4.3.13.RELEASE]
	at org.springframework.beans.factory.support.AbstractAutowireCapableBeanFactory.doCreateBean(AbstractAutowireCapableBeanFactory.java:513) ~[spring-beans-4.3.13.RELEASE.jar:4.3.13.RELEASE]
	at org.springframework.beans.factory.support.AbstractAutowireCapableBeanFactory.createBean(AbstractAutowireCapableBeanFactory.java:483) ~[spring-beans-4.3.13.RELEASE.jar:4.3.13.RELEASE]
	at org.springframework.beans.factory.support.AbstractBeanFactory$1.getObject(AbstractBeanFactory.java:306) ~[spring-beans-4.3.13.RELEASE.jar:4.3.13.RELEASE]
	at org.springframework.beans.factory.support.DefaultSingletonBeanRegistry.getSingleton(DefaultSingletonBeanRegistry.java:230) ~[spring-beans-4.3.13.RELEASE.jar:4.3.13.RELEASE]
	at org.springframework.beans.factory.support.AbstractBeanFactory.doGetBean(AbstractBeanFactory.java:302) ~[spring-beans-4.3.13.RELEASE.jar:4.3.13.RELEASE]
	at org.springframework.beans.factory.support.AbstractBeanFactory.getBean(AbstractBeanFactory.java:197) ~[spring-beans-4.3.13.RELEASE.jar:4.3.13.RELEASE]
	at org.springframework.beans.factory.support.DefaultListableBeanFactory.preInstantiateSingletons(DefaultListableBeanFactory.java:761) ~[spring-beans-4.3.13.RELEASE.jar:4.3.13.RELEASE]
	at org.springframework.context.support.AbstractApplicationContext.finishBeanFactoryInitialization(AbstractApplicationContext.java:867) ~[spring-context-4.3.13.RELEASE.jar:4.3.13.RELEASE]
	at org.springframework.context.support.AbstractApplicationContext.refresh(AbstractApplicationContext.java:543) ~[spring-context-4.3.13.RELEASE.jar:4.3.13.RELEASE]
	at org.springframework.boot.context.embedded.EmbeddedWebApplicationContext.refresh(EmbeddedWebApplicationContext.java:122) ~[spring-boot-1.5.9.RELEASE.jar:1.5.9.RELEASE]
	at org.springframework.boot.SpringApplication.refresh(SpringApplication.java:693) [spring-boot-1.5.9.RELEASE.jar:1.5.9.RELEASE]
	at org.springframework.boot.SpringApplication.refreshContext(SpringApplication.java:360) [spring-boot-1.5.9.RELEASE.jar:1.5.9.RELEASE]
	at org.springframework.boot.SpringApplication.run(SpringApplication.java:303) [spring-boot-1.5.9.RELEASE.jar:1.5.9.RELEASE]
	at org.springframework.boot.SpringApplication.run(SpringApplication.java:1118) [spring-boot-1.5.9.RELEASE.jar:1.5.9.RELEASE]
	at org.springframework.boot.SpringApplication.run(SpringApplication.java:1107) [spring-boot-1.5.9.RELEASE.jar:1.5.9.RELEASE]
	at org.tegalkota.dalev.Application.main(Application.java:39) [classes/:na]
	at sun.reflect.NativeMethodAccessorImpl.invoke0(Native Method) ~[na:1.8.0_152]
	at sun.reflect.NativeMethodAccessorImpl.invoke(NativeMethodAccessorImpl.java:62) ~[na:1.8.0_152]
	at sun.reflect.DelegatingMethodAccessorImpl.invoke(DelegatingMethodAccessorImpl.java:43) ~[na:1.8.0_152]
	at java.lang.reflect.Method.invoke(Method.java:498) ~[na:1.8.0_152]
	at org.springframework.boot.maven.AbstractRunMojo$LaunchRunner.run(AbstractRunMojo.java:527) [spring-boot-maven-plugin-1.5.9.RELEASE.jar:1.5.9.RELEASE]
	at java.lang.Thread.run(Thread.java:748) [na:1.8.0_152]
Caused by: java.lang.NoClassDefFoundError: org/eclipse/birt/core/exception/BirtException
	at java.lang.Class.getDeclaredMethods0(Native Method) ~[na:1.8.0_152]
	at java.lang.Class.privateGetDeclaredMethods(Class.java:2701) ~[na:1.8.0_152]
	at java.lang.Class.getDeclaredMethods(Class.java:1975) ~[na:1.8.0_152]
	at org.springframework.util.ReflectionUtils.getDeclaredMethods(ReflectionUtils.java:613) ~[spring-core-4.3.13.RELEASE.jar:4.3.13.RELEASE]
	at org.springframework.util.ReflectionUtils.doWithMethods(ReflectionUtils.java:524) ~[spring-core-4.3.13.RELEASE.jar:4.3.13.RELEASE]
	at org.springframework.util.ReflectionUtils.doWithMethods(ReflectionUtils.java:510) ~[spring-core-4.3.13.RELEASE.jar:4.3.13.RELEASE]
	at org.springframework.beans.factory.annotation.AutowiredAnnotationBeanPostProcessor.determineCandidateConstructors(AutowiredAnnotationBeanPostProcessor.java:247) ~[spring-beans-4.3.13.RELEASE.jar:4.3.13.RELEASE]
	... 24 common frames omitted
Caused by: java.lang.ClassNotFoundException: org.eclipse.birt.core.exception.BirtException
	at java.net.URLClassLoader.findClass(URLClassLoader.java:381) ~[na:1.8.0_152]
	at java.lang.ClassLoader.loadClass(ClassLoader.java:424) ~[na:1.8.0_152]
	at java.lang.ClassLoader.loadClass(ClassLoader.java:357) ~[na:1.8.0_152]
	... 31 common frames omitted

2019-01-16 14:48:53.592  INFO 2897 --- [main] org.tegalkota.dalev.Application          : Starting Application on dark-knight with PID 2897 (/home/heri/Java/1.Project/Dalev/target/classes started by heri in /home/heri/Java/1.Project/Dalev)
2019-01-16 14:48:53.606  INFO 2897 --- [main] org.tegalkota.dalev.Application          : The following profiles are active: development
2019-01-16 14:48:59.174  INFO 2897 --- [main] o.apache.catalina.core.StandardService   : Starting service [Tomcat]
2019-01-16 14:48:59.175  INFO 2897 --- [main] org.apache.catalina.core.StandardEngine  : Starting Servlet Engine: Apache Tomcat/8.5.23
2019-01-16 14:48:59.376  INFO 2897 --- [localhost-startStop-1] o.a.c.c.C.[Tomcat].[localhost].[/]       : Initializing Spring embedded WebApplicationContext
2019-01-16 14:49:00.853  INFO 2897 --- [main] o.hibernate.jpa.internal.util.LogHelper  : HHH000204: Processing PersistenceUnitInfo [
	name: default
	...]
2019-01-16 14:49:00.997  INFO 2897 --- [main] org.hibernate.Version                    : HHH000412: Hibernate Core {5.2.12.Final}
2019-01-16 14:49:00.999  INFO 2897 --- [main] org.hibernate.cfg.Environment            : HHH000206: hibernate.properties not found
2019-01-16 14:49:01.092  INFO 2897 --- [main] o.hibernate.annotations.common.Version   : HCANN000001: Hibernate Commons Annotations {5.0.1.Final}
2019-01-16 14:49:01.358  INFO 2897 --- [main] org.hibernate.dialect.Dialect            : HHH000400: Using dialect: org.hibernate.dialect.PostgreSQLDialect
2019-01-16 14:49:02.112  INFO 2897 --- [main] o.h.e.j.e.i.LobCreatorBuilderImpl        : HHH000424: Disabling contextual LOB creation as createClob() method threw error : java.lang.reflect.InvocationTargetException
2019-01-16 14:49:02.118  INFO 2897 --- [main] org.hibernate.type.BasicTypeRegistry     : HHH000270: Type registration [java.util.UUID] overrides previous : org.hibernate.type.UUIDBinaryType@142faf59
2019-01-16 14:49:02.797  WARN 2897 --- [main] org.hibernate.orm.deprecation            : HHH90000014: Found use of deprecated [org.hibernate.id.SequenceHiLoGenerator] sequence-based id generator; use org.hibernate.id.enhanced.SequenceStyleGenerator instead.  See Hibernate Domain Model Mapping Guide for details.
2019-01-16 14:49:02.804  WARN 2897 --- [main] org.hibernate.orm.deprecation            : HHH90000014: Found use of deprecated [org.hibernate.id.SequenceHiLoGenerator] sequence-based id generator; use org.hibernate.id.enhanced.SequenceStyleGenerator instead.  See Hibernate Domain Model Mapping Guide for details.
2019-01-16 14:49:02.805  WARN 2897 --- [main] org.hibernate.orm.deprecation            : HHH90000014: Found use of deprecated [org.hibernate.id.SequenceHiLoGenerator] sequence-based id generator; use org.hibernate.id.enhanced.SequenceStyleGenerator instead.  See Hibernate Domain Model Mapping Guide for details.
2019-01-16 14:49:02.806  WARN 2897 --- [main] org.hibernate.orm.deprecation            : HHH90000014: Found use of deprecated [org.hibernate.id.SequenceHiLoGenerator] sequence-based id generator; use org.hibernate.id.enhanced.SequenceStyleGenerator instead.  See Hibernate Domain Model Mapping Guide for details.
2019-01-16 14:49:02.807  WARN 2897 --- [main] org.hibernate.orm.deprecation            : HHH90000014: Found use of deprecated [org.hibernate.id.SequenceHiLoGenerator] sequence-based id generator; use org.hibernate.id.enhanced.SequenceStyleGenerator instead.  See Hibernate Domain Model Mapping Guide for details.
2019-01-16 14:49:02.808  WARN 2897 --- [main] org.hibernate.orm.deprecation            : HHH90000014: Found use of deprecated [org.hibernate.id.SequenceHiLoGenerator] sequence-based id generator; use org.hibernate.id.enhanced.SequenceStyleGenerator instead.  See Hibernate Domain Model Mapping Guide for details.
2019-01-16 14:49:02.810  WARN 2897 --- [main] org.hibernate.orm.deprecation            : HHH90000014: Found use of deprecated [org.hibernate.id.SequenceHiLoGenerator] sequence-based id generator; use org.hibernate.id.enhanced.SequenceStyleGenerator instead.  See Hibernate Domain Model Mapping Guide for details.
2019-01-16 14:49:02.811  WARN 2897 --- [main] org.hibernate.orm.deprecation            : HHH90000014: Found use of deprecated [org.hibernate.id.SequenceHiLoGenerator] sequence-based id generator; use org.hibernate.id.enhanced.SequenceStyleGenerator instead.  See Hibernate Domain Model Mapping Guide for details.
2019-01-16 14:49:02.812  WARN 2897 --- [main] org.hibernate.orm.deprecation            : HHH90000014: Found use of deprecated [org.hibernate.id.SequenceHiLoGenerator] sequence-based id generator; use org.hibernate.id.enhanced.SequenceStyleGenerator instead.  See Hibernate Domain Model Mapping Guide for details.
2019-01-16 14:49:02.813  WARN 2897 --- [main] org.hibernate.orm.deprecation            : HHH90000014: Found use of deprecated [org.hibernate.id.SequenceHiLoGenerator] sequence-based id generator; use org.hibernate.id.enhanced.SequenceStyleGenerator instead.  See Hibernate Domain Model Mapping Guide for details.
2019-01-16 14:49:02.814  WARN 2897 --- [main] org.hibernate.orm.deprecation            : HHH90000014: Found use of deprecated [org.hibernate.id.SequenceHiLoGenerator] sequence-based id generator; use org.hibernate.id.enhanced.SequenceStyleGenerator instead.  See Hibernate Domain Model Mapping Guide for details.
2019-01-16 14:49:02.815  WARN 2897 --- [main] org.hibernate.orm.deprecation            : HHH90000014: Found use of deprecated [org.hibernate.id.SequenceHiLoGenerator] sequence-based id generator; use org.hibernate.id.enhanced.SequenceStyleGenerator instead.  See Hibernate Domain Model Mapping Guide for details.
2019-01-16 14:49:02.816  WARN 2897 --- [main] org.hibernate.orm.deprecation            : HHH90000014: Found use of deprecated [org.hibernate.id.SequenceHiLoGenerator] sequence-based id generator; use org.hibernate.id.enhanced.SequenceStyleGenerator instead.  See Hibernate Domain Model Mapping Guide for details.
2019-01-16 14:49:02.817  WARN 2897 --- [main] org.hibernate.orm.deprecation            : HHH90000014: Found use of deprecated [org.hibernate.id.SequenceHiLoGenerator] sequence-based id generator; use org.hibernate.id.enhanced.SequenceStyleGenerator instead.  See Hibernate Domain Model Mapping Guide for details.
2019-01-16 14:49:02.817  WARN 2897 --- [main] org.hibernate.orm.deprecation            : HHH90000014: Found use of deprecated [org.hibernate.id.SequenceHiLoGenerator] sequence-based id generator; use org.hibernate.id.enhanced.SequenceStyleGenerator instead.  See Hibernate Domain Model Mapping Guide for details.
2019-01-16 14:49:02.818  WARN 2897 --- [main] org.hibernate.orm.deprecation            : HHH90000014: Found use of deprecated [org.hibernate.id.SequenceGenerator] sequence-based id generator; use org.hibernate.id.enhanced.SequenceStyleGenerator instead.  See Hibernate Domain Model Mapping Guide for details.
2019-01-16 14:49:02.818  WARN 2897 --- [main] org.hibernate.orm.deprecation            : HHH90000014: Found use of deprecated [org.hibernate.id.SequenceHiLoGenerator] sequence-based id generator; use org.hibernate.id.enhanced.SequenceStyleGenerator instead.  See Hibernate Domain Model Mapping Guide for details.
2019-01-16 14:49:02.819  WARN 2897 --- [main] org.hibernate.orm.deprecation            : HHH90000014: Found use of deprecated [org.hibernate.id.SequenceHiLoGenerator] sequence-based id generator; use org.hibernate.id.enhanced.SequenceStyleGenerator instead.  See Hibernate Domain Model Mapping Guide for details.
2019-01-16 14:49:02.820  WARN 2897 --- [main] org.hibernate.orm.deprecation            : HHH90000014: Found use of deprecated [org.hibernate.id.SequenceHiLoGenerator] sequence-based id generator; use org.hibernate.id.enhanced.SequenceStyleGenerator instead.  See Hibernate Domain Model Mapping Guide for details.
2019-01-16 14:49:02.821  WARN 2897 --- [main] org.hibernate.orm.deprecation            : HHH90000014: Found use of deprecated [org.hibernate.id.SequenceHiLoGenerator] sequence-based id generator; use org.hibernate.id.enhanced.SequenceStyleGenerator instead.  See Hibernate Domain Model Mapping Guide for details.
2019-01-16 14:49:04.165  INFO 2897 --- [main] o.h.h.i.QueryTranslatorFactoryInitiator  : HHH000397: Using ASTQueryTranslatorFactory
2019-01-16 14:49:05.711  INFO 2897 --- [main] o.apache.catalina.core.StandardService   : Stopping service [Tomcat]
2019-01-16 14:49:05.774 ERROR 2897 --- [main] o.s.boot.SpringApplication               : Application startup failed

org.springframework.beans.factory.BeanCreationException: Error creating bean with name 'BirtController': Failed to introspect bean class [org.tegalkota.dalev.birt.BirtController] for lookup method metadata: could not find class that it depends on; nested exception is java.lang.NoClassDefFoundError: org/eclipse/birt/core/exception/BirtException
	at org.springframework.beans.factory.annotation.AutowiredAnnotationBeanPostProcessor.determineCandidateConstructors(AutowiredAnnotationBeanPostProcessor.java:269) ~[spring-beans-4.3.13.RELEASE.jar:4.3.13.RELEASE]
	at org.springframework.beans.factory.support.AbstractAutowireCapableBeanFactory.determineConstructorsFromBeanPostProcessors(AbstractAutowireCapableBeanFactory.java:1118) ~[spring-beans-4.3.13.RELEASE.jar:4.3.13.RELEASE]
	at org.springframework.beans.factory.support.AbstractAutowireCapableBeanFactory.createBeanInstance(AbstractAutowireCapableBeanFactory.java:1091) ~[spring-beans-4.3.13.RELEASE.jar:4.3.13.RELEASE]
	at org.springframework.beans.factory.support.AbstractAutowireCapableBeanFactory.doCreateBean(AbstractAutowireCapableBeanFactory.java:513) ~[spring-beans-4.3.13.RELEASE.jar:4.3.13.RELEASE]
	at org.springframework.beans.factory.support.AbstractAutowireCapableBeanFactory.createBean(AbstractAutowireCapableBeanFactory.java:483) ~[spring-beans-4.3.13.RELEASE.jar:4.3.13.RELEASE]
	at org.springframework.beans.factory.support.AbstractBeanFactory$1.getObject(AbstractBeanFactory.java:306) ~[spring-beans-4.3.13.RELEASE.jar:4.3.13.RELEASE]
	at org.springframework.beans.factory.support.DefaultSingletonBeanRegistry.getSingleton(DefaultSingletonBeanRegistry.java:230) ~[spring-beans-4.3.13.RELEASE.jar:4.3.13.RELEASE]
	at org.springframework.beans.factory.support.AbstractBeanFactory.doGetBean(AbstractBeanFactory.java:302) ~[spring-beans-4.3.13.RELEASE.jar:4.3.13.RELEASE]
	at org.springframework.beans.factory.support.AbstractBeanFactory.getBean(AbstractBeanFactory.java:197) ~[spring-beans-4.3.13.RELEASE.jar:4.3.13.RELEASE]
	at org.springframework.beans.factory.support.DefaultListableBeanFactory.preInstantiateSingletons(DefaultListableBeanFactory.java:761) ~[spring-beans-4.3.13.RELEASE.jar:4.3.13.RELEASE]
	at org.springframework.context.support.AbstractApplicationContext.finishBeanFactoryInitialization(AbstractApplicationContext.java:867) ~[spring-context-4.3.13.RELEASE.jar:4.3.13.RELEASE]
	at org.springframework.context.support.AbstractApplicationContext.refresh(AbstractApplicationContext.java:543) ~[spring-context-4.3.13.RELEASE.jar:4.3.13.RELEASE]
	at org.springframework.boot.context.embedded.EmbeddedWebApplicationContext.refresh(EmbeddedWebApplicationContext.java:122) ~[spring-boot-1.5.9.RELEASE.jar:1.5.9.RELEASE]
	at org.springframework.boot.SpringApplication.refresh(SpringApplication.java:693) [spring-boot-1.5.9.RELEASE.jar:1.5.9.RELEASE]
	at org.springframework.boot.SpringApplication.refreshContext(SpringApplication.java:360) [spring-boot-1.5.9.RELEASE.jar:1.5.9.RELEASE]
	at org.springframework.boot.SpringApplication.run(SpringApplication.java:303) [spring-boot-1.5.9.RELEASE.jar:1.5.9.RELEASE]
	at org.springframework.boot.SpringApplication.run(SpringApplication.java:1118) [spring-boot-1.5.9.RELEASE.jar:1.5.9.RELEASE]
	at org.springframework.boot.SpringApplication.run(SpringApplication.java:1107) [spring-boot-1.5.9.RELEASE.jar:1.5.9.RELEASE]
	at org.tegalkota.dalev.Application.main(Application.java:39) [classes/:na]
	at sun.reflect.NativeMethodAccessorImpl.invoke0(Native Method) ~[na:1.8.0_191]
	at sun.reflect.NativeMethodAccessorImpl.invoke(NativeMethodAccessorImpl.java:62) ~[na:1.8.0_191]
	at sun.reflect.DelegatingMethodAccessorImpl.invoke(DelegatingMethodAccessorImpl.java:43) ~[na:1.8.0_191]
	at java.lang.reflect.Method.invoke(Method.java:498) ~[na:1.8.0_191]
	at org.springframework.boot.maven.AbstractRunMojo$LaunchRunner.run(AbstractRunMojo.java:527) [spring-boot-maven-plugin-1.5.9.RELEASE.jar:1.5.9.RELEASE]
	at java.lang.Thread.run(Thread.java:748) [na:1.8.0_191]
Caused by: java.lang.NoClassDefFoundError: org/eclipse/birt/core/exception/BirtException
	at java.lang.Class.getDeclaredMethods0(Native Method) ~[na:1.8.0_191]
	at java.lang.Class.privateGetDeclaredMethods(Class.java:2701) ~[na:1.8.0_191]
	at java.lang.Class.getDeclaredMethods(Class.java:1975) ~[na:1.8.0_191]
	at org.springframework.util.ReflectionUtils.getDeclaredMethods(ReflectionUtils.java:613) ~[spring-core-4.3.13.RELEASE.jar:4.3.13.RELEASE]
	at org.springframework.util.ReflectionUtils.doWithMethods(ReflectionUtils.java:524) ~[spring-core-4.3.13.RELEASE.jar:4.3.13.RELEASE]
	at org.springframework.util.ReflectionUtils.doWithMethods(ReflectionUtils.java:510) ~[spring-core-4.3.13.RELEASE.jar:4.3.13.RELEASE]
	at org.springframework.beans.factory.annotation.AutowiredAnnotationBeanPostProcessor.determineCandidateConstructors(AutowiredAnnotationBeanPostProcessor.java:247) ~[spring-beans-4.3.13.RELEASE.jar:4.3.13.RELEASE]
	... 24 common frames omitted
Caused by: java.lang.ClassNotFoundException: org.eclipse.birt.core.exception.BirtException
	at java.net.URLClassLoader.findClass(URLClassLoader.java:382) ~[na:1.8.0_191]
	at java.lang.ClassLoader.loadClass(ClassLoader.java:424) ~[na:1.8.0_191]
	at java.lang.ClassLoader.loadClass(ClassLoader.java:357) ~[na:1.8.0_191]
	... 31 common frames omitted

